

Started GET "/pages/home" for 127.0.0.1 at 2011-06-16 10:35:59 -0400
  Processing by PagesController#home as HTML
Rendered pages/home.html.erb within layouts/application (2.0ms)
Completed 200 OK in 8ms (Views: 7.7ms | ActiveRecord: 0.0ms)


Started GET "/about" for 127.0.0.1 at 2011-06-16 12:06:45 -0400

ActionController::RoutingError (No route matches "/about"):
  

Rendered /Users/ryanharper/.rvm/gems/ruby-1.9.2-p180/gems/actionpack-3.0.7/lib/action_dispatch/middleware/templates/rescues/routing_error.erb within rescues/layout (1.2ms)


Started GET "/home" for 127.0.0.1 at 2011-06-16 12:07:21 -0400

ActionController::RoutingError (No route matches "/home"):
  

Rendered /Users/ryanharper/.rvm/gems/ruby-1.9.2-p180/gems/actionpack-3.0.7/lib/action_dispatch/middleware/templates/rescues/routing_error.erb within rescues/layout (1.0ms)


Started GET "/pages/home" for 127.0.0.1 at 2011-06-16 12:07:34 -0400
  Processing by PagesController#home as HTML
Rendered pages/home.html.erb within layouts/application (1.8ms)
Completed 200 OK in 7ms (Views: 6.6ms | ActiveRecord: 0.0ms)


Started GET "/pages/about" for 127.0.0.1 at 2011-06-16 12:07:43 -0400
  Processing by PagesController#about as HTML
Rendered pages/about.html.erb within layouts/application (1.7ms)
Completed 200 OK in 7ms (Views: 6.3ms | ActiveRecord: 0.0ms)


Started GET "/pages/home" for 127.0.0.1 at 2011-06-16 12:53:57 -0400
  Processing by PagesController#home as HTML
Rendered pages/home.html.erb within layouts/application (2.1ms)
Completed 200 OK in 8ms (Views: 7.1ms | ActiveRecord: 0.0ms)


Started GET "/pages/about" for 127.0.0.1 at 2011-06-16 12:54:00 -0400
  Processing by PagesController#about as HTML
Rendered pages/about.html.erb within layouts/application (2.0ms)
Completed 200 OK in 7ms (Views: 6.8ms | ActiveRecord: 0.0ms)


Started GET "/pages/about" for 127.0.0.1 at 2011-06-16 13:06:10 -0400
  Processing by PagesController#about as HTML
Rendered pages/about.html.erb (0.5ms)
Completed 200 OK in 5ms (Views: 4.8ms | ActiveRecord: 0.0ms)


Started GET "/pages/about" for 127.0.0.1 at 2011-06-16 13:06:21 -0400
  Processing by PagesController#about as HTML
Rendered pages/about.html.erb (0.4ms)
Completed 200 OK in 5ms (Views: 4.6ms | ActiveRecord: 0.0ms)


Started GET "/pages/home" for 127.0.0.1 at 2011-06-16 13:09:51 -0400
  Processing by PagesController#home as HTML
Rendered pages/home.html.erb (0.5ms)
Completed 200 OK in 5ms (Views: 4.6ms | ActiveRecord: 0.0ms)


Started GET "/pages/help" for 127.0.0.1 at 2011-06-16 13:28:29 -0400
  Processing by PagesController#help as HTML
Rendered pages/help.html.erb within layouts/application (1.0ms)
Completed 200 OK in 6ms (Views: 5.8ms | ActiveRecord: 0.0ms)


Started GET "/pages/about" for 127.0.0.1 at 2011-06-16 13:34:04 -0400
  Processing by PagesController#about as HTML
Rendered pages/about.html.erb within layouts/application (0.9ms)
Completed 200 OK in 6ms (Views: 5.4ms | ActiveRecord: 0.0ms)


Started GET "/pages/home" for 127.0.0.1 at 2011-06-16 13:34:08 -0400
  Processing by PagesController#home as HTML
Rendered pages/home.html.erb within layouts/application (1.4ms)
Completed 200 OK in 6ms (Views: 6.0ms | ActiveRecord: 0.0ms)


Started GET "/pages/help" for 127.0.0.1 at 2011-06-16 13:34:19 -0400
  Processing by PagesController#help as HTML
Rendered pages/help.html.erb within layouts/application (0.8ms)
Completed 200 OK in 6ms (Views: 5.2ms | ActiveRecord: 0.0ms)


Started GET "/pages/newquill" for 127.0.0.1 at 2011-06-16 13:47:41 -0400

ActionController::RoutingError (No route matches "/pages/newquill"):
  

Rendered /Users/ryanharper/.rvm/gems/ruby-1.9.2-p180/gems/actionpack-3.0.7/lib/action_dispatch/middleware/templates/rescues/routing_error.erb within rescues/layout (1.1ms)


Started GET "/pages/home" for 127.0.0.1 at 2011-06-16 13:47:45 -0400
  Processing by PagesController#home as HTML
Rendered pages/home.html.erb within layouts/application (0.8ms)
Completed 200 OK in 6ms (Views: 5.6ms | ActiveRecord: 0.0ms)


Started GET "/pages/home" for 127.0.0.1 at 2011-06-16 14:13:05 -0400
  Processing by PagesController#home as HTML
Rendered pages/home.html.erb within layouts/application (1.1ms)
Completed 200 OK in 6ms (Views: 5.9ms | ActiveRecord: 0.0ms)


Started GET "/pages/about" for 127.0.0.1 at 2011-06-16 14:13:16 -0400
  Processing by PagesController#about as HTML
Rendered pages/about.html.erb within layouts/application (0.8ms)
Completed 200 OK in 6ms (Views: 5.2ms | ActiveRecord: 0.0ms)


Started GET "/pages/home" for 127.0.0.1 at 2011-06-16 14:24:41 -0400
  Processing by PagesController#home as HTML
Rendered pages/home.html.erb within layouts/application (1.5ms)
Completed 200 OK in 8ms (Views: 7.4ms | ActiveRecord: 0.0ms)


Started GET "/pages/home" for 127.0.0.1 at 2011-06-17 14:04:53 -0400
  Processing by PagesController#home as HTML
Rendered pages/home.html.erb within layouts/application (2.6ms)
Completed 200 OK in 9ms (Views: 8.1ms | ActiveRecord: 0.0ms)


Started GET "/stylesheets/custom.css" for 127.0.0.1 at 2011-06-17 14:04:53 -0400

ActionController::RoutingError (No route matches "/stylesheets/custom.css"):
  

Rendered /Users/ryanharper/.rvm/gems/ruby-1.9.2-p180/gems/actionpack-3.0.7/lib/action_dispatch/middleware/templates/rescues/routing_error.erb within rescues/layout (1.4ms)


Started GET "/images/logo.png" for 127.0.0.1 at 2011-06-17 14:04:53 -0400

ActionController::RoutingError (No route matches "/images/logo.png"):
  

Rendered /Users/ryanharper/.rvm/gems/ruby-1.9.2-p180/gems/actionpack-3.0.7/lib/action_dispatch/middleware/templates/rescues/routing_error.erb within rescues/layout (1.2ms)


Started GET "/pages/home" for 127.0.0.1 at 2011-06-17 14:06:52 -0400
  Processing by PagesController#home as HTML
Rendered pages/home.html.erb within layouts/application (2.0ms)
Completed 200 OK in 7ms (Views: 6.8ms | ActiveRecord: 0.0ms)


Started GET "/stylesheets/custom.css" for 127.0.0.1 at 2011-06-17 14:06:52 -0400

ActionController::RoutingError (No route matches "/stylesheets/custom.css"):
  

Rendered /Users/ryanharper/.rvm/gems/ruby-1.9.2-p180/gems/actionpack-3.0.7/lib/action_dispatch/middleware/templates/rescues/routing_error.erb within rescues/layout (4.0ms)


Started GET "/images/logo.png" for 127.0.0.1 at 2011-06-17 14:06:53 -0400

ActionController::RoutingError (No route matches "/images/logo.png"):
  

Rendered /Users/ryanharper/.rvm/gems/ruby-1.9.2-p180/gems/actionpack-3.0.7/lib/action_dispatch/middleware/templates/rescues/routing_error.erb within rescues/layout (1.2ms)


Started GET "/pages/home" for 127.0.0.1 at 2011-06-17 14:09:56 -0400
  Processing by PagesController#home as HTML
Rendered pages/home.html.erb within layouts/application (2.0ms)
Completed 200 OK in 7ms (Views: 6.5ms | ActiveRecord: 0.0ms)


Started GET "/images/logo.png" for 127.0.0.1 at 2011-06-17 14:09:56 -0400

ActionController::RoutingError (No route matches "/images/logo.png"):
  

Rendered /Users/ryanharper/.rvm/gems/ruby-1.9.2-p180/gems/actionpack-3.0.7/lib/action_dispatch/middleware/templates/rescues/routing_error.erb within rescues/layout (2.5ms)


Started GET "/stylesheets/custom.css" for 127.0.0.1 at 2011-06-17 14:09:56 -0400

ActionController::RoutingError (No route matches "/stylesheets/custom.css"):
  

Rendered /Users/ryanharper/.rvm/gems/ruby-1.9.2-p180/gems/actionpack-3.0.7/lib/action_dispatch/middleware/templates/rescues/routing_error.erb within rescues/layout (1.8ms)


Started GET "/pages/home" for 127.0.0.1 at 2011-06-17 14:09:59 -0400
  Processing by PagesController#home as HTML
Rendered pages/home.html.erb within layouts/application (2.1ms)
Completed 200 OK in 7ms (Views: 6.5ms | ActiveRecord: 0.0ms)


Started GET "/stylesheets/custom.css" for 127.0.0.1 at 2011-06-17 14:09:59 -0400

ActionController::RoutingError (No route matches "/stylesheets/custom.css"):
  

Rendered /Users/ryanharper/.rvm/gems/ruby-1.9.2-p180/gems/actionpack-3.0.7/lib/action_dispatch/middleware/templates/rescues/routing_error.erb within rescues/layout (1.1ms)


Started GET "/images/logo.png" for 127.0.0.1 at 2011-06-17 14:09:59 -0400

ActionController::RoutingError (No route matches "/images/logo.png"):
  

Rendered /Users/ryanharper/.rvm/gems/ruby-1.9.2-p180/gems/actionpack-3.0.7/lib/action_dispatch/middleware/templates/rescues/routing_error.erb within rescues/layout (1.1ms)


Started GET "/pages/home" for 127.0.0.1 at 2011-06-17 14:10:00 -0400
  Processing by PagesController#home as HTML
Rendered pages/home.html.erb within layouts/application (2.0ms)
Completed 200 OK in 7ms (Views: 7.0ms | ActiveRecord: 0.0ms)


Started GET "/stylesheets/custom.css" for 127.0.0.1 at 2011-06-17 14:10:00 -0400

ActionController::RoutingError (No route matches "/stylesheets/custom.css"):
  

Rendered /Users/ryanharper/.rvm/gems/ruby-1.9.2-p180/gems/actionpack-3.0.7/lib/action_dispatch/middleware/templates/rescues/routing_error.erb within rescues/layout (1.2ms)


Started GET "/images/logo.png" for 127.0.0.1 at 2011-06-17 14:10:00 -0400

ActionController::RoutingError (No route matches "/images/logo.png"):
  

Rendered /Users/ryanharper/.rvm/gems/ruby-1.9.2-p180/gems/actionpack-3.0.7/lib/action_dispatch/middleware/templates/rescues/routing_error.erb within rescues/layout (1.1ms)


Started GET "/pages/home" for 127.0.0.1 at 2011-06-17 14:10:05 -0400
  Processing by PagesController#home as HTML
Rendered pages/home.html.erb within layouts/application (1.9ms)
Completed 200 OK in 7ms (Views: 6.1ms | ActiveRecord: 0.0ms)


Started GET "/images/logo.png" for 127.0.0.1 at 2011-06-17 14:10:05 -0400

ActionController::RoutingError (No route matches "/images/logo.png"):
  

Rendered /Users/ryanharper/.rvm/gems/ruby-1.9.2-p180/gems/actionpack-3.0.7/lib/action_dispatch/middleware/templates/rescues/routing_error.erb within rescues/layout (1.2ms)


Started GET "/stylesheets/custom.css" for 127.0.0.1 at 2011-06-17 14:10:05 -0400

ActionController::RoutingError (No route matches "/stylesheets/custom.css"):
  

Rendered /Users/ryanharper/.rvm/gems/ruby-1.9.2-p180/gems/actionpack-3.0.7/lib/action_dispatch/middleware/templates/rescues/routing_error.erb within rescues/layout (1.2ms)


Started GET "/pages/home" for 127.0.0.1 at 2011-06-17 14:10:32 -0400
  Processing by PagesController#home as HTML
Rendered pages/home.html.erb within layouts/application (2.0ms)
Completed 200 OK in 8ms (Views: 7.2ms | ActiveRecord: 0.0ms)


Started GET "/stylesheets/custom.css" for 127.0.0.1 at 2011-06-17 14:10:32 -0400

ActionController::RoutingError (No route matches "/stylesheets/custom.css"):
  

Rendered /Users/ryanharper/.rvm/gems/ruby-1.9.2-p180/gems/actionpack-3.0.7/lib/action_dispatch/middleware/templates/rescues/routing_error.erb within rescues/layout (1.0ms)


Started GET "/images/newquill_logo" for 127.0.0.1 at 2011-06-17 14:10:32 -0400

ActionController::RoutingError (No route matches "/images/newquill_logo"):
  

Rendered /Users/ryanharper/.rvm/gems/ruby-1.9.2-p180/gems/actionpack-3.0.7/lib/action_dispatch/middleware/templates/rescues/routing_error.erb within rescues/layout (1.3ms)


Started GET "/pages/home" for 127.0.0.1 at 2011-06-17 14:12:26 -0400
  Processing by PagesController#home as HTML
Rendered pages/home.html.erb within layouts/application (2.2ms)
Completed 200 OK in 9ms (Views: 7.2ms | ActiveRecord: 0.0ms)


Started GET "/images/newquill_logo" for 127.0.0.1 at 2011-06-17 14:12:26 -0400

ActionController::RoutingError (No route matches "/images/newquill_logo"):
  

Rendered /Users/ryanharper/.rvm/gems/ruby-1.9.2-p180/gems/actionpack-3.0.7/lib/action_dispatch/middleware/templates/rescues/routing_error.erb within rescues/layout (1.0ms)


Started GET "/stylesheets/custom.css" for 127.0.0.1 at 2011-06-17 14:12:26 -0400

ActionController::RoutingError (No route matches "/stylesheets/custom.css"):
  

Rendered /Users/ryanharper/.rvm/gems/ruby-1.9.2-p180/gems/actionpack-3.0.7/lib/action_dispatch/middleware/templates/rescues/routing_error.erb within rescues/layout (1.2ms)


Started GET "/pages/home" for 127.0.0.1 at 2011-06-17 14:12:28 -0400
  Processing by PagesController#home as HTML
Rendered pages/home.html.erb within layouts/application (1.9ms)
Completed 200 OK in 8ms (Views: 8.1ms | ActiveRecord: 0.0ms)


Started GET "/images/newquill_logo" for 127.0.0.1 at 2011-06-17 14:12:28 -0400

ActionController::RoutingError (No route matches "/images/newquill_logo"):
  

Rendered /Users/ryanharper/.rvm/gems/ruby-1.9.2-p180/gems/actionpack-3.0.7/lib/action_dispatch/middleware/templates/rescues/routing_error.erb within rescues/layout (1.1ms)


Started GET "/stylesheets/custom.css" for 127.0.0.1 at 2011-06-17 14:12:28 -0400

ActionController::RoutingError (No route matches "/stylesheets/custom.css"):
  

Rendered /Users/ryanharper/.rvm/gems/ruby-1.9.2-p180/gems/actionpack-3.0.7/lib/action_dispatch/middleware/templates/rescues/routing_error.erb within rescues/layout (1.0ms)


Started GET "/pages/home" for 127.0.0.1 at 2011-06-17 14:12:39 -0400
  Processing by PagesController#home as HTML
Rendered pages/home.html.erb within layouts/application (3.3ms)
Completed 200 OK in 9ms (Views: 8.2ms | ActiveRecord: 0.0ms)


Started GET "/stylesheets/custom.css" for 127.0.0.1 at 2011-06-17 14:12:39 -0400

ActionController::RoutingError (No route matches "/stylesheets/custom.css"):
  

Rendered /Users/ryanharper/.rvm/gems/ruby-1.9.2-p180/gems/actionpack-3.0.7/lib/action_dispatch/middleware/templates/rescues/routing_error.erb within rescues/layout (1.0ms)


Started GET "/images/newquill_logo" for 127.0.0.1 at 2011-06-17 14:12:39 -0400

ActionController::RoutingError (No route matches "/images/newquill_logo"):
  

Rendered /Users/ryanharper/.rvm/gems/ruby-1.9.2-p180/gems/actionpack-3.0.7/lib/action_dispatch/middleware/templates/rescues/routing_error.erb within rescues/layout (1.1ms)


Started GET "/pages/home" for 127.0.0.1 at 2011-06-17 14:12:40 -0400
  Processing by PagesController#home as HTML
Rendered pages/home.html.erb within layouts/application (2.1ms)
Completed 200 OK in 7ms (Views: 6.9ms | ActiveRecord: 0.0ms)


Started GET "/images/newquill_logo" for 127.0.0.1 at 2011-06-17 14:12:40 -0400

ActionController::RoutingError (No route matches "/images/newquill_logo"):
  

Rendered /Users/ryanharper/.rvm/gems/ruby-1.9.2-p180/gems/actionpack-3.0.7/lib/action_dispatch/middleware/templates/rescues/routing_error.erb within rescues/layout (1.3ms)


Started GET "/stylesheets/custom.css" for 127.0.0.1 at 2011-06-17 14:12:40 -0400

ActionController::RoutingError (No route matches "/stylesheets/custom.css"):
  

Rendered /Users/ryanharper/.rvm/gems/ruby-1.9.2-p180/gems/actionpack-3.0.7/lib/action_dispatch/middleware/templates/rescues/routing_error.erb within rescues/layout (1.0ms)


Started GET "/pages/home" for 127.0.0.1 at 2011-06-17 14:12:41 -0400
  Processing by PagesController#home as HTML
Rendered pages/home.html.erb within layouts/application (2.6ms)
Completed 200 OK in 8ms (Views: 7.3ms | ActiveRecord: 0.0ms)


Started GET "/stylesheets/custom.css" for 127.0.0.1 at 2011-06-17 14:12:41 -0400

ActionController::RoutingError (No route matches "/stylesheets/custom.css"):
  

Rendered /Users/ryanharper/.rvm/gems/ruby-1.9.2-p180/gems/actionpack-3.0.7/lib/action_dispatch/middleware/templates/rescues/routing_error.erb within rescues/layout (1.4ms)


Started GET "/images/newquill_logo" for 127.0.0.1 at 2011-06-17 14:12:42 -0400

ActionController::RoutingError (No route matches "/images/newquill_logo"):
  

Rendered /Users/ryanharper/.rvm/gems/ruby-1.9.2-p180/gems/actionpack-3.0.7/lib/action_dispatch/middleware/templates/rescues/routing_error.erb within rescues/layout (1.3ms)


Started GET "/pages/home" for 127.0.0.1 at 2011-06-17 14:12:42 -0400
  Processing by PagesController#home as HTML
Rendered pages/home.html.erb within layouts/application (1.9ms)
Completed 200 OK in 7ms (Views: 6.3ms | ActiveRecord: 0.0ms)


Started GET "/images/newquill_logo" for 127.0.0.1 at 2011-06-17 14:12:42 -0400

ActionController::RoutingError (No route matches "/images/newquill_logo"):
  

Rendered /Users/ryanharper/.rvm/gems/ruby-1.9.2-p180/gems/actionpack-3.0.7/lib/action_dispatch/middleware/templates/rescues/routing_error.erb within rescues/layout (1.1ms)


Started GET "/stylesheets/custom.css" for 127.0.0.1 at 2011-06-17 14:12:42 -0400

ActionController::RoutingError (No route matches "/stylesheets/custom.css"):
  

Rendered /Users/ryanharper/.rvm/gems/ruby-1.9.2-p180/gems/actionpack-3.0.7/lib/action_dispatch/middleware/templates/rescues/routing_error.erb within rescues/layout (1.8ms)


Started GET "/pages/home" for 127.0.0.1 at 2011-06-17 14:14:01 -0400
  Processing by PagesController#home as HTML
Rendered pages/home.html.erb within layouts/application (3.5ms)
Completed 200 OK in 9ms (Views: 8.5ms | ActiveRecord: 0.0ms)


Started GET "/stylesheets/custom.css" for 127.0.0.1 at 2011-06-17 14:14:01 -0400

ActionController::RoutingError (No route matches "/stylesheets/custom.css"):
  

Rendered /Users/ryanharper/.rvm/gems/ruby-1.9.2-p180/gems/actionpack-3.0.7/lib/action_dispatch/middleware/templates/rescues/routing_error.erb within rescues/layout (1.8ms)


Started GET "/pages/home" for 127.0.0.1 at 2011-06-17 14:22:02 -0400
  Processing by PagesController#home as HTML
Rendered pages/home.html.erb within layouts/application (2.3ms)
Completed 200 OK in 9ms (Views: 8.2ms | ActiveRecord: 0.0ms)


Started GET "/pages/home" for 127.0.0.1 at 2011-06-17 14:22:09 -0400
  Processing by PagesController#home as HTML
Rendered pages/home.html.erb within layouts/application (1.9ms)
Completed 200 OK in 9ms (Views: 8.2ms | ActiveRecord: 0.0ms)


Started GET "/pages/home" for 127.0.0.1 at 2011-06-17 14:23:33 -0400
  Processing by PagesController#home as HTML
Rendered pages/home.html.erb within layouts/application (2.3ms)
Completed 200 OK in 9ms (Views: 8.7ms | ActiveRecord: 0.0ms)


Started GET "/pages/home" for 127.0.0.1 at 2011-06-17 14:23:35 -0400
  Processing by PagesController#home as HTML
Rendered pages/home.html.erb within layouts/application (2.0ms)
Completed 200 OK in 8ms (Views: 7.3ms | ActiveRecord: 0.0ms)


Started GET "/pages/home" for 127.0.0.1 at 2011-06-17 14:23:39 -0400
  Processing by PagesController#home as HTML
Rendered pages/home.html.erb within layouts/application (2.0ms)
Completed 200 OK in 7ms (Views: 6.5ms | ActiveRecord: 0.0ms)


Started GET "/pages/home" for 127.0.0.1 at 2011-06-17 14:23:45 -0400
  Processing by PagesController#home as HTML
Rendered pages/home.html.erb within layouts/application (1.9ms)
Completed 200 OK in 7ms (Views: 6.4ms | ActiveRecord: 0.0ms)


Started GET "/pages/about" for 127.0.0.1 at 2011-06-17 14:24:10 -0400
  Processing by PagesController#about as HTML
Rendered pages/about.html.erb within layouts/application (2.3ms)
Completed 200 OK in 8ms (Views: 7.6ms | ActiveRecord: 0.0ms)


Started GET "/pages/signup" for 127.0.0.1 at 2011-06-17 14:24:14 -0400

ActionController::RoutingError (No route matches "/pages/signup"):
  

Rendered /Users/ryanharper/.rvm/gems/ruby-1.9.2-p180/gems/actionpack-3.0.7/lib/action_dispatch/middleware/templates/rescues/routing_error.erb within rescues/layout (1.0ms)


Started GET "/pages/home" for 127.0.0.1 at 2011-06-17 14:24:19 -0400
  Processing by PagesController#home as HTML
Rendered pages/home.html.erb within layouts/application (1.9ms)
Completed 200 OK in 7ms (Views: 6.2ms | ActiveRecord: 0.0ms)


Started GET "/pages/home" for 127.0.0.1 at 2011-06-17 14:28:28 -0400
  Processing by PagesController#home as HTML
Rendered pages/home.html.erb within layouts/application (33.2ms)
Completed 200 OK in 39ms (Views: 38.5ms | ActiveRecord: 0.0ms)


Started GET "/pages/home" for 127.0.0.1 at 2011-06-17 14:32:30 -0400
  Processing by PagesController#home as HTML
Rendered pages/home.html.erb within layouts/application (2.1ms)
Completed 200 OK in 7ms (Views: 6.8ms | ActiveRecord: 0.0ms)


Started GET "/pages/home" for 127.0.0.1 at 2011-06-17 14:32:32 -0400
  Processing by PagesController#home as HTML
Rendered pages/home.html.erb within layouts/application (2.1ms)
Completed 200 OK in 8ms (Views: 6.9ms | ActiveRecord: 0.0ms)


Started GET "/pages/home" for 127.0.0.1 at 2011-06-17 14:32:33 -0400
  Processing by PagesController#home as HTML
Rendered pages/home.html.erb within layouts/application (2.0ms)
Completed 200 OK in 7ms (Views: 6.6ms | ActiveRecord: 0.0ms)


Started GET "/pages/home" for 127.0.0.1 at 2011-06-17 14:32:34 -0400
  Processing by PagesController#home as HTML
Rendered pages/home.html.erb within layouts/application (2.3ms)
Completed 200 OK in 37ms (Views: 7.1ms | ActiveRecord: 0.0ms)


Started GET "/pages/home" for 127.0.0.1 at 2011-06-17 14:34:35 -0400
  Processing by PagesController#home as HTML
Rendered pages/home.html.erb within layouts/application (2.3ms)
Completed 200 OK in 9ms (Views: 8.3ms | ActiveRecord: 0.0ms)


Started GET "/images/newquill_icon.jpg" for 127.0.0.1 at 2011-06-17 14:34:35 -0400

ActionController::RoutingError (No route matches "/images/newquill_icon.jpg"):
  

Rendered /Users/ryanharper/.rvm/gems/ruby-1.9.2-p180/gems/actionpack-3.0.7/lib/action_dispatch/middleware/templates/rescues/routing_error.erb within rescues/layout (1.1ms)


Started GET "/pages/home" for 127.0.0.1 at 2011-06-17 14:34:39 -0400
  Processing by PagesController#home as HTML
Rendered pages/home.html.erb within layouts/application (1.8ms)
Completed 200 OK in 7ms (Views: 6.2ms | ActiveRecord: 0.0ms)


Started GET "/images/newquill_icon.jpg" for 127.0.0.1 at 2011-06-17 14:34:39 -0400

ActionController::RoutingError (No route matches "/images/newquill_icon.jpg"):
  

Rendered /Users/ryanharper/.rvm/gems/ruby-1.9.2-p180/gems/actionpack-3.0.7/lib/action_dispatch/middleware/templates/rescues/routing_error.erb within rescues/layout (1.2ms)


Started GET "/pages/home" for 127.0.0.1 at 2011-06-17 14:35:25 -0400
  Processing by PagesController#home as HTML
Rendered pages/home.html.erb within layouts/application (2.1ms)
Completed 200 OK in 8ms (Views: 7.9ms | ActiveRecord: 0.0ms)


Started GET "/images/newquill_icon.jpg" for 127.0.0.1 at 2011-06-17 14:35:25 -0400

ActionController::RoutingError (No route matches "/images/newquill_icon.jpg"):
  

Rendered /Users/ryanharper/.rvm/gems/ruby-1.9.2-p180/gems/actionpack-3.0.7/lib/action_dispatch/middleware/templates/rescues/routing_error.erb within rescues/layout (1.0ms)


Started GET "/pages/home" for 127.0.0.1 at 2011-06-17 14:35:26 -0400
  Processing by PagesController#home as HTML
Rendered pages/home.html.erb within layouts/application (2.0ms)
Completed 200 OK in 7ms (Views: 6.8ms | ActiveRecord: 0.0ms)


Started GET "/images/newquill_icon.jpg" for 127.0.0.1 at 2011-06-17 14:35:26 -0400

ActionController::RoutingError (No route matches "/images/newquill_icon.jpg"):
  

Rendered /Users/ryanharper/.rvm/gems/ruby-1.9.2-p180/gems/actionpack-3.0.7/lib/action_dispatch/middleware/templates/rescues/routing_error.erb within rescues/layout (1.0ms)


Started GET "/pages/home" for 127.0.0.1 at 2011-06-17 14:35:28 -0400
  Processing by PagesController#home as HTML
Rendered pages/home.html.erb within layouts/application (2.1ms)
Completed 200 OK in 7ms (Views: 6.6ms | ActiveRecord: 0.0ms)


Started GET "/images/newquill_icon.jpg" for 127.0.0.1 at 2011-06-17 14:35:28 -0400

ActionController::RoutingError (No route matches "/images/newquill_icon.jpg"):
  

Rendered /Users/ryanharper/.rvm/gems/ruby-1.9.2-p180/gems/actionpack-3.0.7/lib/action_dispatch/middleware/templates/rescues/routing_error.erb within rescues/layout (1.8ms)


Started GET "/pages/home" for 127.0.0.1 at 2011-06-17 14:37:31 -0400
  Processing by PagesController#home as HTML
Rendered pages/home.html.erb within layouts/application (3.0ms)
Completed 200 OK in 9ms (Views: 8.1ms | ActiveRecord: 0.0ms)


Started GET "/images/newquill_icon.jpg" for 127.0.0.1 at 2011-06-17 14:37:31 -0400

ActionController::RoutingError (No route matches "/images/newquill_icon.jpg"):
  

Rendered /Users/ryanharper/.rvm/gems/ruby-1.9.2-p180/gems/actionpack-3.0.7/lib/action_dispatch/middleware/templates/rescues/routing_error.erb within rescues/layout (1.1ms)


Started GET "/pages/home" for 127.0.0.1 at 2011-06-17 14:37:32 -0400
  Processing by PagesController#home as HTML
Rendered pages/home.html.erb within layouts/application (2.0ms)
Completed 200 OK in 7ms (Views: 6.6ms | ActiveRecord: 0.0ms)


Started GET "/images/newquill_icon.jpg" for 127.0.0.1 at 2011-06-17 14:37:32 -0400

ActionController::RoutingError (No route matches "/images/newquill_icon.jpg"):
  

Rendered /Users/ryanharper/.rvm/gems/ruby-1.9.2-p180/gems/actionpack-3.0.7/lib/action_dispatch/middleware/templates/rescues/routing_error.erb within rescues/layout (1.0ms)


Started GET "/pages/home" for 127.0.0.1 at 2011-06-17 14:37:33 -0400
  Processing by PagesController#home as HTML
Rendered pages/home.html.erb within layouts/application (2.1ms)
Completed 200 OK in 7ms (Views: 6.8ms | ActiveRecord: 0.0ms)


Started GET "/images/newquill_icon.jpg" for 127.0.0.1 at 2011-06-17 14:37:33 -0400

ActionController::RoutingError (No route matches "/images/newquill_icon.jpg"):
  

Rendered /Users/ryanharper/.rvm/gems/ruby-1.9.2-p180/gems/actionpack-3.0.7/lib/action_dispatch/middleware/templates/rescues/routing_error.erb within rescues/layout (1.1ms)


Started GET "/pages/home" for 127.0.0.1 at 2011-06-17 14:37:34 -0400
  Processing by PagesController#home as HTML
Rendered pages/home.html.erb within layouts/application (2.0ms)
Completed 200 OK in 7ms (Views: 6.8ms | ActiveRecord: 0.0ms)


Started GET "/images/newquill_icon.jpg" for 127.0.0.1 at 2011-06-17 14:37:34 -0400

ActionController::RoutingError (No route matches "/images/newquill_icon.jpg"):
  

Rendered /Users/ryanharper/.rvm/gems/ruby-1.9.2-p180/gems/actionpack-3.0.7/lib/action_dispatch/middleware/templates/rescues/routing_error.erb within rescues/layout (1.2ms)


Started GET "/pages/home" for 127.0.0.1 at 2011-06-17 14:40:21 -0400
  Processing by PagesController#home as HTML
Rendered pages/home.html.erb within layouts/application (2.7ms)
Completed 200 OK in 9ms (Views: 8.4ms | ActiveRecord: 0.0ms)


Started GET "/images/newquill_icon.jpg" for 127.0.0.1 at 2011-06-17 14:40:21 -0400

ActionController::RoutingError (No route matches "/images/newquill_icon.jpg"):
  

Rendered /Users/ryanharper/.rvm/gems/ruby-1.9.2-p180/gems/actionpack-3.0.7/lib/action_dispatch/middleware/templates/rescues/routing_error.erb within rescues/layout (1.0ms)


Started GET "/pages/home" for 127.0.0.1 at 2011-06-17 14:40:22 -0400
  Processing by PagesController#home as HTML
Rendered pages/home.html.erb within layouts/application (2.2ms)
Completed 200 OK in 7ms (Views: 7.0ms | ActiveRecord: 0.0ms)


Started GET "/images/newquill_icon.jpg" for 127.0.0.1 at 2011-06-17 14:40:22 -0400

ActionController::RoutingError (No route matches "/images/newquill_icon.jpg"):
  

Rendered /Users/ryanharper/.rvm/gems/ruby-1.9.2-p180/gems/actionpack-3.0.7/lib/action_dispatch/middleware/templates/rescues/routing_error.erb within rescues/layout (1.1ms)


Started GET "/pages/home" for 127.0.0.1 at 2011-06-17 14:40:23 -0400
  Processing by PagesController#home as HTML
Rendered pages/home.html.erb within layouts/application (30.3ms)
Completed 200 OK in 35ms (Views: 34.8ms | ActiveRecord: 0.0ms)


Started GET "/images/newquill_icon.jpg" for 127.0.0.1 at 2011-06-17 14:40:23 -0400

ActionController::RoutingError (No route matches "/images/newquill_icon.jpg"):
  

Rendered /Users/ryanharper/.rvm/gems/ruby-1.9.2-p180/gems/actionpack-3.0.7/lib/action_dispatch/middleware/templates/rescues/routing_error.erb within rescues/layout (1.0ms)


Started GET "/pages/home" for 127.0.0.1 at 2011-06-17 14:40:24 -0400
  Processing by PagesController#home as HTML
Rendered pages/home.html.erb within layouts/application (2.0ms)
Completed 200 OK in 7ms (Views: 6.7ms | ActiveRecord: 0.0ms)


Started GET "/images/newquill_icon.jpg" for 127.0.0.1 at 2011-06-17 14:40:25 -0400

ActionController::RoutingError (No route matches "/images/newquill_icon.jpg"):
  

Rendered /Users/ryanharper/.rvm/gems/ruby-1.9.2-p180/gems/actionpack-3.0.7/lib/action_dispatch/middleware/templates/rescues/routing_error.erb within rescues/layout (1.2ms)


Started GET "/pages/home" for 127.0.0.1 at 2011-06-17 14:40:26 -0400
  Processing by PagesController#home as HTML
Rendered pages/home.html.erb within layouts/application (2.0ms)
Completed 200 OK in 7ms (Views: 6.5ms | ActiveRecord: 0.0ms)


Started GET "/images/newquill_icon.jpg" for 127.0.0.1 at 2011-06-17 14:40:26 -0400

ActionController::RoutingError (No route matches "/images/newquill_icon.jpg"):
  

Rendered /Users/ryanharper/.rvm/gems/ruby-1.9.2-p180/gems/actionpack-3.0.7/lib/action_dispatch/middleware/templates/rescues/routing_error.erb within rescues/layout (1.1ms)


Started GET "/pages/home" for 127.0.0.1 at 2011-06-17 14:40:29 -0400
  Processing by PagesController#home as HTML
Rendered pages/home.html.erb within layouts/application (1.9ms)
Completed 200 OK in 7ms (Views: 6.3ms | ActiveRecord: 0.0ms)


Started GET "/images/newquill_icon.jpg" for 127.0.0.1 at 2011-06-17 14:40:29 -0400

ActionController::RoutingError (No route matches "/images/newquill_icon.jpg"):
  

Rendered /Users/ryanharper/.rvm/gems/ruby-1.9.2-p180/gems/actionpack-3.0.7/lib/action_dispatch/middleware/templates/rescues/routing_error.erb within rescues/layout (1.2ms)


Started GET "/pages/home" for 127.0.0.1 at 2011-06-17 14:40:31 -0400
  Processing by PagesController#home as HTML
Rendered pages/home.html.erb within layouts/application (2.1ms)
Completed 200 OK in 7ms (Views: 6.7ms | ActiveRecord: 0.0ms)


Started GET "/images/newquill_icon.jpg" for 127.0.0.1 at 2011-06-17 14:40:31 -0400

ActionController::RoutingError (No route matches "/images/newquill_icon.jpg"):
  

Rendered /Users/ryanharper/.rvm/gems/ruby-1.9.2-p180/gems/actionpack-3.0.7/lib/action_dispatch/middleware/templates/rescues/routing_error.erb within rescues/layout (1.4ms)


Started GET "/pages/home" for 127.0.0.1 at 2011-06-17 14:43:18 -0400
  Processing by PagesController#home as HTML
Rendered pages/home.html.erb within layouts/application (2.1ms)
Completed 200 OK in 8ms (Views: 7.7ms | ActiveRecord: 0.0ms)


Started GET "/pages/home" for 127.0.0.1 at 2011-06-17 14:43:51 -0400
  Processing by PagesController#home as HTML
Rendered pages/home.html.erb within layouts/application (2.1ms)
Completed 200 OK in 7ms (Views: 6.9ms | ActiveRecord: 0.0ms)


Started GET "/pages/home" for 127.0.0.1 at 2011-06-17 14:43:59 -0400
  Processing by PagesController#home as HTML
Rendered pages/home.html.erb within layouts/application (1.9ms)
Completed 200 OK in 7ms (Views: 6.4ms | ActiveRecord: 0.0ms)


Started GET "/images/newquill_icon.jpg" for 127.0.0.1 at 2011-06-17 14:43:59 -0400

ActionController::RoutingError (No route matches "/images/newquill_icon.jpg"):
  

Rendered /Users/ryanharper/.rvm/gems/ruby-1.9.2-p180/gems/actionpack-3.0.7/lib/action_dispatch/middleware/templates/rescues/routing_error.erb within rescues/layout (1.0ms)


Started GET "/pages/home" for 127.0.0.1 at 2011-06-17 14:44:27 -0400
  Processing by PagesController#home as HTML
Rendered pages/home.html.erb within layouts/application (2.0ms)
Completed 200 OK in 8ms (Views: 7.2ms | ActiveRecord: 0.0ms)


Started GET "/pages/home" for 127.0.0.1 at 2011-06-17 14:46:55 -0400
  Processing by PagesController#home as HTML
Rendered pages/home.html.erb within layouts/application (2.0ms)
Completed 200 OK in 7ms (Views: 6.4ms | ActiveRecord: 0.0ms)


Started GET "/pages/home" for 127.0.0.1 at 2011-06-17 14:46:57 -0400
  Processing by PagesController#home as HTML
Rendered pages/home.html.erb within layouts/application (1.9ms)
Completed 200 OK in 8ms (Views: 7.2ms | ActiveRecord: 0.0ms)


Started GET "/pages/home" for 127.0.0.1 at 2011-06-17 14:47:11 -0400
  Processing by PagesController#home as HTML
Rendered pages/home.html.erb within layouts/application (1.9ms)
Completed 200 OK in 7ms (Views: 6.5ms | ActiveRecord: 0.0ms)


Started GET "/pages/home" for 127.0.0.1 at 2011-06-17 14:47:26 -0400
  Processing by PagesController#home as HTML
Rendered pages/home.html.erb within layouts/application (1.8ms)
Completed 200 OK in 8ms (Views: 7.3ms | ActiveRecord: 0.0ms)


Started GET "/pages/home" for 127.0.0.1 at 2011-06-17 14:47:33 -0400
  Processing by PagesController#home as HTML
Rendered pages/home.html.erb within layouts/application (1.8ms)
Completed 200 OK in 7ms (Views: 6.9ms | ActiveRecord: 0.0ms)


Started GET "/pages/home" for 127.0.0.1 at 2011-06-17 14:48:02 -0400
  Processing by PagesController#home as HTML
Rendered pages/home.html.erb within layouts/application (2.1ms)
Completed 200 OK in 7ms (Views: 6.8ms | ActiveRecord: 0.0ms)


Started GET "/pages/home" for 127.0.0.1 at 2011-06-17 14:48:58 -0400
  Processing by PagesController#home as HTML
Rendered pages/home.html.erb within layouts/application (2.1ms)
Completed 200 OK in 7ms (Views: 6.7ms | ActiveRecord: 0.0ms)


Started GET "/pages/home" for 127.0.0.1 at 2011-06-17 15:01:55 -0400
  Processing by PagesController#home as HTML
Rendered layouts/_stylesheets.html.erb (1.2ms)
Rendered layouts/_header.html.erb (0.8ms)
Rendered layouts/_footer.html.erb (0.4ms)
Rendered pages/home.html.erb within layouts/application (8.4ms)
Completed 200 OK in 14ms (Views: 13.2ms | ActiveRecord: 0.0ms)


Started GET "/images/newquill_.jpg" for 127.0.0.1 at 2011-06-17 15:01:55 -0400

ActionController::RoutingError (No route matches "/images/newquill_.jpg"):
  

Rendered /Users/ryanharper/.rvm/gems/ruby-1.9.2-p180/gems/actionpack-3.0.7/lib/action_dispatch/middleware/templates/rescues/routing_error.erb within rescues/layout (2.7ms)


Started GET "/pages/home" for 127.0.0.1 at 2011-06-17 15:01:59 -0400
  Processing by PagesController#home as HTML
Rendered layouts/_stylesheets.html.erb (1.4ms)
Rendered layouts/_header.html.erb (0.8ms)
Rendered layouts/_footer.html.erb (0.5ms)
Rendered pages/home.html.erb within layouts/application (7.8ms)
Completed 200 OK in 13ms (Views: 12.5ms | ActiveRecord: 0.0ms)


Started GET "/images/newquill_.jpg" for 127.0.0.1 at 2011-06-17 15:01:59 -0400

ActionController::RoutingError (No route matches "/images/newquill_.jpg"):
  

Rendered /Users/ryanharper/.rvm/gems/ruby-1.9.2-p180/gems/actionpack-3.0.7/lib/action_dispatch/middleware/templates/rescues/routing_error.erb within rescues/layout (1.1ms)


Started GET "/pages/home" for 127.0.0.1 at 2011-06-17 15:02:23 -0400
  Processing by PagesController#home as HTML
Rendered layouts/_stylesheets.html.erb (1.1ms)
Rendered layouts/_header.html.erb (0.9ms)
Rendered layouts/_footer.html.erb (0.9ms)
Rendered pages/home.html.erb within layouts/application (9.0ms)
Completed 200 OK in 14ms (Views: 13.3ms | ActiveRecord: 0.0ms)


Started GET "/pages/home" for 127.0.0.1 at 2011-06-17 15:04:11 -0400
  Processing by PagesController#home as HTML
Rendered layouts/_stylesheets.html.erb (1.3ms)
Rendered layouts/_header.html.erb (0.8ms)
Rendered layouts/_footer.html.erb (0.4ms)
Rendered pages/home.html.erb within layouts/application (7.4ms)
Completed 200 OK in 14ms (Views: 13.3ms | ActiveRecord: 0.0ms)
