

Started GET "/users/1" for 127.0.0.1 at 2011-06-20 18:07:26 -0400
  Processing by UsersController#show as HTML
  Parameters: {"id"=>"1"}
Completed   in 3ms

ActiveRecord::RecordNotFound (Couldn't find User with ID=1):
  app/controllers/users_controller.rb:4:in `show'

Rendered /Users/ryanharper/.rvm/gems/ruby-1.9.2-p180/gems/actionpack-3.0.7/lib/action_dispatch/middleware/templates/rescues/_trace.erb (1.3ms)
Rendered /Users/ryanharper/.rvm/gems/ruby-1.9.2-p180/gems/actionpack-3.0.7/lib/action_dispatch/middleware/templates/rescues/_request_and_response.erb (3.2ms)
Rendered /Users/ryanharper/.rvm/gems/ruby-1.9.2-p180/gems/actionpack-3.0.7/lib/action_dispatch/middleware/templates/rescues/diagnostics.erb within rescues/layout (11.9ms)


Started GET "/users/1" for 127.0.0.1 at 2011-06-20 18:07:28 -0400
  Processing by UsersController#show as HTML
  Parameters: {"id"=>"1"}
Completed   in 1ms

ActiveRecord::RecordNotFound (Couldn't find User with ID=1):
  app/controllers/users_controller.rb:4:in `show'

Rendered /Users/ryanharper/.rvm/gems/ruby-1.9.2-p180/gems/actionpack-3.0.7/lib/action_dispatch/middleware/templates/rescues/_trace.erb (1.3ms)
Rendered /Users/ryanharper/.rvm/gems/ruby-1.9.2-p180/gems/actionpack-3.0.7/lib/action_dispatch/middleware/templates/rescues/_request_and_response.erb (3.2ms)
Rendered /Users/ryanharper/.rvm/gems/ruby-1.9.2-p180/gems/actionpack-3.0.7/lib/action_dispatch/middleware/templates/rescues/diagnostics.erb within rescues/layout (8.9ms)


Started GET "/users/1" for 127.0.0.1 at 2011-06-20 18:07:29 -0400
  Processing by UsersController#show as HTML
  Parameters: {"id"=>"1"}
Completed   in 1ms

ActiveRecord::RecordNotFound (Couldn't find User with ID=1):
  app/controllers/users_controller.rb:4:in `show'

Rendered /Users/ryanharper/.rvm/gems/ruby-1.9.2-p180/gems/actionpack-3.0.7/lib/action_dispatch/middleware/templates/rescues/_trace.erb (1.7ms)
Rendered /Users/ryanharper/.rvm/gems/ruby-1.9.2-p180/gems/actionpack-3.0.7/lib/action_dispatch/middleware/templates/rescues/_request_and_response.erb (3.3ms)
Rendered /Users/ryanharper/.rvm/gems/ruby-1.9.2-p180/gems/actionpack-3.0.7/lib/action_dispatch/middleware/templates/rescues/diagnostics.erb within rescues/layout (9.5ms)


Started GET "/users/1" for 127.0.0.1 at 2011-06-20 18:07:31 -0400
  Processing by UsersController#show as HTML
  Parameters: {"id"=>"1"}
Completed   in 1ms

ActiveRecord::RecordNotFound (Couldn't find User with ID=1):
  app/controllers/users_controller.rb:4:in `show'

Rendered /Users/ryanharper/.rvm/gems/ruby-1.9.2-p180/gems/actionpack-3.0.7/lib/action_dispatch/middleware/templates/rescues/_trace.erb (1.3ms)
Rendered /Users/ryanharper/.rvm/gems/ruby-1.9.2-p180/gems/actionpack-3.0.7/lib/action_dispatch/middleware/templates/rescues/_request_and_response.erb (3.1ms)
Rendered /Users/ryanharper/.rvm/gems/ruby-1.9.2-p180/gems/actionpack-3.0.7/lib/action_dispatch/middleware/templates/rescues/diagnostics.erb within rescues/layout (8.6ms)


Started GET "/home" for 127.0.0.1 at 2011-06-20 18:07:37 -0400

ActionController::RoutingError (No route matches "/home"):
  

Rendered /Users/ryanharper/.rvm/gems/ruby-1.9.2-p180/gems/actionpack-3.0.7/lib/action_dispatch/middleware/templates/rescues/routing_error.erb within rescues/layout (1.0ms)
